c:\users\joshu\desktop\early entry\c++\fire star\fire star\release\vc142.pdb
c:\users\joshu\desktop\early entry\c++\fire star\fire star\release\vertexshader.obj
c:\users\joshu\desktop\early entry\c++\fire star\fire star\release\vertexbuffer.obj
c:\users\joshu\desktop\early entry\c++\fire star\fire star\release\swapchain.obj
c:\users\joshu\desktop\early entry\c++\fire star\fire star\release\pixelshader.obj
c:\users\joshu\desktop\early entry\c++\fire star\fire star\release\inputsystem.obj
c:\users\joshu\desktop\early entry\c++\fire star\fire star\release\indexbuffer.obj
c:\users\joshu\desktop\early entry\c++\fire star\fire star\release\graphicsengine.obj
c:\users\joshu\desktop\early entry\c++\fire star\fire star\release\devicecontext.obj
c:\users\joshu\desktop\early entry\c++\fire star\fire star\release\constantbuffer.obj
c:\users\joshu\desktop\early entry\c++\fire star\fire star\release\window.obj
c:\users\joshu\desktop\early entry\c++\fire star\fire star\release\main.obj
c:\users\joshu\desktop\early entry\c++\fire star\fire star\release\gamewindow.obj
c:\users\joshu\desktop\early entry\c++\fire star\fire star\release\inputlistener.obj
c:\users\joshu\desktop\early entry\c++\fire star\fire star\release\rendersystem.obj
c:\users\joshu\desktop\early entry\c++\fire star\win32\release\fire star.exe
c:\users\joshu\desktop\early entry\c++\fire star\fire star\release\fire star.ipdb
c:\users\joshu\desktop\early entry\c++\fire star\fire star\release\fire star.iobj
c:\users\joshu\desktop\early entry\c++\fire star\win32\release\fire star.pdb
c:\users\joshu\desktop\early entry\c++\fire star\fire star\release\fire star.tlog\cl.command.1.tlog
c:\users\joshu\desktop\early entry\c++\fire star\fire star\release\fire star.tlog\cl.read.1.tlog
c:\users\joshu\desktop\early entry\c++\fire star\fire star\release\fire star.tlog\cl.write.1.tlog
c:\users\joshu\desktop\early entry\c++\fire star\fire star\release\fire star.tlog\fxc.command.1.tlog
c:\users\joshu\desktop\early entry\c++\fire star\fire star\release\fire star.tlog\fxc.read.1.tlog
c:\users\joshu\desktop\early entry\c++\fire star\fire star\release\fire star.tlog\link.command.1.tlog
c:\users\joshu\desktop\early entry\c++\fire star\fire star\release\fire star.tlog\link.read.1.tlog
c:\users\joshu\desktop\early entry\c++\fire star\fire star\release\fire star.tlog\link.write.1.tlog
